{"/Users/oluwatobilobaidowu/Documents/GitHub/xische-task/src/App.tsx": {"path":"/Users/oluwatobilobaidowu/Documents/GitHub/xische-task/src/App.tsx","statementMap":{"0":{"start":{"line":1,"column":0},"end":{"line":1,"column":19}},"1":{"start":{"line":4,"column":2},"end":{"line":4,"column":15}},"2":{"start":{"line":7,"column":0},"end":{"line":7,"column":19}}},"fnMap":{"0":{"name":"App","decl":{"start":{"line":3,"column":9},"end":{"line":3,"column":12}},"loc":{"start":{"line":3,"column":12},"end":{"line":5,"column":1}}}},"branchMap":{},"s":{"0":0,"1":0,"2":0},"f":{"0":0},"b":{}}
,"/Users/oluwatobilobaidowu/Documents/GitHub/xische-task/src/main.tsx": {"path":"/Users/oluwatobilobaidowu/Documents/GitHub/xische-task/src/main.tsx","statementMap":{"0":{"start":{"line":1,"column":0},"end":{"line":1,"column":26}},"1":{"start":{"line":2,"column":0},"end":{"line":2,"column":40}},"2":{"start":{"line":3,"column":0},"end":{"line":3,"column":21}},"3":{"start":{"line":4,"column":0},"end":{"line":4,"column":50}},"4":{"start":{"line":5,"column":0},"end":{"line":5,"column":44}},"5":{"start":{"line":7,"column":0},"end":{"line":11,"column":2}}},"fnMap":{},"branchMap":{},"s":{"0":0,"1":0,"2":0,"3":0,"4":0,"5":0},"f":{},"b":{}}
,"/Users/oluwatobilobaidowu/Documents/GitHub/xische-task/src/components/custom/article-item.tsx": {"path":"/Users/oluwatobilobaidowu/Documents/GitHub/xische-task/src/components/custom/article-item.tsx","statementMap":{"0":{"start":{"line":2,"column":0},"end":{"line":2,"column":null}},"1":{"start":{"line":10,"column":0},"end":{"line":10,"column":38}},"2":{"start":{"line":11,"column":0},"end":{"line":11,"column":40}},"3":{"start":{"line":13,"column":20},"end":{"line":58,"column":1}},"4":{"start":{"line":15,"column":4},"end":{"line":16,"column":41}},"5":{"start":{"line":18,"column":2},"end":{"line":57,"column":4}},"6":{"start":{"line":60,"column":0},"end":{"line":60,"column":27}}},"fnMap":{"0":{"name":"(anonymous_0)","decl":{"start":{"line":13,"column":20},"end":{"line":13,"column":21}},"loc":{"start":{"line":13,"column":58},"end":{"line":58,"column":1}}}},"branchMap":{"0":{"loc":{"start":{"line":15,"column":4},"end":{"line":16,"column":41}},"type":"binary-expr","locations":[{"start":{"line":15,"column":4},"end":{"line":15,"column":52}},{"start":{"line":16,"column":4},"end":{"line":16,"column":41}}]}},"s":{"0":0,"1":0,"2":0,"3":0,"4":0,"5":0,"6":0},"f":{"0":0},"b":{"0":[0,0]}}
,"/Users/oluwatobilobaidowu/Documents/GitHub/xische-task/src/components/custom/article-list.tsx": {"path":"/Users/oluwatobilobaidowu/Documents/GitHub/xische-task/src/components/custom/article-list.tsx","statementMap":{"0":{"start":{"line":2,"column":0},"end":{"line":2,"column":32}},"1":{"start":{"line":3,"column":0},"end":{"line":3,"column":41}},"2":{"start":{"line":5,"column":20},"end":{"line":19,"column":1}},"3":{"start":{"line":6,"column":2},"end":{"line":18,"column":4}},"4":{"start":{"line":14,"column":10},"end":{"line":14,"column":40}},"5":{"start":{"line":21,"column":0},"end":{"line":21,"column":27}}},"fnMap":{"0":{"name":"(anonymous_1)","decl":{"start":{"line":5,"column":20},"end":{"line":5,"column":21}},"loc":{"start":{"line":5,"column":62},"end":{"line":19,"column":1}}},"1":{"name":"(anonymous_2)","decl":{"start":{"line":13,"column":16},"end":{"line":13,"column":17}},"loc":{"start":{"line":14,"column":10},"end":{"line":14,"column":40}}}},"branchMap":{},"s":{"0":0,"1":0,"2":0,"3":0,"4":0,"5":0},"f":{"0":0,"1":0},"b":{}}
,"/Users/oluwatobilobaidowu/Documents/GitHub/xische-task/src/components/loaders/article-list-loader.tsx": {"path":"/Users/oluwatobilobaidowu/Documents/GitHub/xische-task/src/components/loaders/article-list-loader.tsx","statementMap":{"0":{"start":{"line":1,"column":0},"end":{"line":1,"column":32}},"1":{"start":{"line":2,"column":0},"end":{"line":2,"column":42}},"2":{"start":{"line":4,"column":26},"end":{"line":20,"column":1}},"3":{"start":{"line":5,"column":21},"end":{"line":5,"column":72}},"4":{"start":{"line":5,"column":62},"end":{"line":5,"column":71}},"5":{"start":{"line":7,"column":2},"end":{"line":19,"column":4}},"6":{"start":{"line":15,"column":10},"end":{"line":15,"column":32}},"7":{"start":{"line":22,"column":0},"end":{"line":22,"column":33}}},"fnMap":{"0":{"name":"(anonymous_1)","decl":{"start":{"line":4,"column":26},"end":{"line":4,"column":29}},"loc":{"start":{"line":4,"column":31},"end":{"line":20,"column":1}}},"1":{"name":"(anonymous_2)","decl":{"start":{"line":5,"column":48},"end":{"line":5,"column":49}},"loc":{"start":{"line":5,"column":62},"end":{"line":5,"column":71}}},"2":{"name":"(anonymous_3)","decl":{"start":{"line":14,"column":16},"end":{"line":14,"column":17}},"loc":{"start":{"line":15,"column":10},"end":{"line":15,"column":32}}}},"branchMap":{},"s":{"0":0,"1":0,"2":0,"3":0,"4":0,"5":0,"6":0,"7":0},"f":{"0":0,"1":0,"2":0},"b":{}}
,"/Users/oluwatobilobaidowu/Documents/GitHub/xische-task/src/components/misc/each.tsx": {"path":"/Users/oluwatobilobaidowu/Documents/GitHub/xische-task/src/components/misc/each.tsx","statementMap":{"0":{"start":{"line":9,"column":13},"end":{"line":10,"column":null}},"1":{"start":{"line":10,"column":2},"end":{"line":10,"column":66}},"2":{"start":{"line":10,"column":42},"end":{"line":10,"column":61}},"3":{"start":{"line":13,"column":0},"end":{"line":13,"column":20}}},"fnMap":{"0":{"name":"(anonymous_0)","decl":{"start":{"line":9,"column":13},"end":{"line":9,"column":14}},"loc":{"start":{"line":10,"column":2},"end":{"line":10,"column":66}}},"1":{"name":"(anonymous_1)","decl":{"start":{"line":10,"column":12},"end":{"line":10,"column":13}},"loc":{"start":{"line":10,"column":42},"end":{"line":10,"column":61}}}},"branchMap":{},"s":{"0":0,"1":0,"2":0,"3":0},"f":{"0":0,"1":0},"b":{}}
,"/Users/oluwatobilobaidowu/Documents/GitHub/xische-task/src/components/ui/button.tsx": {"path":"/Users/oluwatobilobaidowu/Documents/GitHub/xische-task/src/components/ui/button.tsx","statementMap":{"0":{"start":{"line":1,"column":0},"end":{"line":1,"column":30}},"1":{"start":{"line":2,"column":0},"end":{"line":2,"column":43}},"2":{"start":{"line":3,"column":0},"end":{"line":3,"column":65}},"3":{"start":{"line":5,"column":0},"end":{"line":5,"column":32}},"4":{"start":{"line":7,"column":23},"end":{"line":33,"column":null}},"5":{"start":{"line":56,"column":17},"end":{"line":56,"column":31}},"6":{"start":{"line":42,"column":15},"end":{"line":52,"column":null}},"7":{"start":{"line":44,"column":17},"end":{"line":44,"column":42}},"8":{"start":{"line":45,"column":4},"end":{"line":51,"column":null}},"9":{"start":{"line":56,"column":9},"end":{"line":56,"column":15}},"10":{"start":{"line":54,"column":0},"end":{"line":54,"column":null}}},"fnMap":{"0":{"name":"(anonymous_9)","decl":{"start":{"line":43,"column":2},"end":{"line":43,"column":3}},"loc":{"start":{"line":43,"column":67},"end":{"line":52,"column":3}}}},"branchMap":{"0":{"loc":{"start":{"line":43,"column":31},"end":{"line":43,"column":46}},"type":"default-arg","locations":[{"start":{"line":43,"column":41},"end":{"line":43,"column":46}}]},"1":{"loc":{"start":{"line":44,"column":17},"end":{"line":44,"column":42}},"type":"cond-expr","locations":[{"start":{"line":44,"column":27},"end":{"line":44,"column":31}},{"start":{"line":44,"column":34},"end":{"line":44,"column":42}}]}},"s":{"0":0,"1":0,"2":0,"3":0,"4":0,"5":0,"6":0,"7":0,"8":0,"9":0,"10":0},"f":{"0":0},"b":{"0":[0],"1":[0,0]}}
,"/Users/oluwatobilobaidowu/Documents/GitHub/xische-task/src/components/ui/card.tsx": {"path":"/Users/oluwatobilobaidowu/Documents/GitHub/xische-task/src/components/ui/card.tsx","statementMap":{"0":{"start":{"line":1,"column":0},"end":{"line":1,"column":30}},"1":{"start":{"line":3,"column":0},"end":{"line":3,"column":32}},"2":{"start":{"line":5,"column":13},"end":{"line":17,"column":2}},"3":{"start":{"line":9,"column":2},"end":{"line":15,"column":null}},"4":{"start":{"line":79,"column":9},"end":{"line":79,"column":13}},"5":{"start":{"line":18,"column":0},"end":{"line":18,"column":null}},"6":{"start":{"line":20,"column":19},"end":{"line":29,"column":2}},"7":{"start":{"line":24,"column":2},"end":{"line":27,"column":null}},"8":{"start":{"line":79,"column":15},"end":{"line":79,"column":25}},"9":{"start":{"line":30,"column":0},"end":{"line":30,"column":null}},"10":{"start":{"line":32,"column":18},"end":{"line":44,"column":2}},"11":{"start":{"line":36,"column":2},"end":{"line":42,"column":null}},"12":{"start":{"line":79,"column":39},"end":{"line":79,"column":48}},"13":{"start":{"line":45,"column":0},"end":{"line":45,"column":null}},"14":{"start":{"line":47,"column":24},"end":{"line":56,"column":2}},"15":{"start":{"line":51,"column":2},"end":{"line":54,"column":null}},"16":{"start":{"line":79,"column":50},"end":{"line":79,"column":65}},"17":{"start":{"line":57,"column":0},"end":{"line":57,"column":null}},"18":{"start":{"line":59,"column":20},"end":{"line":64,"column":2}},"19":{"start":{"line":63,"column":2},"end":{"line":63,"column":68}},"20":{"start":{"line":79,"column":67},"end":{"line":79,"column":78}},"21":{"start":{"line":65,"column":0},"end":{"line":65,"column":null}},"22":{"start":{"line":67,"column":19},"end":{"line":76,"column":2}},"23":{"start":{"line":71,"column":2},"end":{"line":74,"column":null}},"24":{"start":{"line":79,"column":27},"end":{"line":79,"column":37}},"25":{"start":{"line":77,"column":0},"end":{"line":77,"column":null}}},"fnMap":{"0":{"name":"(anonymous_9)","decl":{"start":{"line":8,"column":2},"end":{"line":8,"column":3}},"loc":{"start":{"line":9,"column":2},"end":{"line":15,"column":null}}},"1":{"name":"(anonymous_10)","decl":{"start":{"line":23,"column":2},"end":{"line":23,"column":3}},"loc":{"start":{"line":24,"column":2},"end":{"line":27,"column":null}}},"2":{"name":"(anonymous_11)","decl":{"start":{"line":35,"column":2},"end":{"line":35,"column":3}},"loc":{"start":{"line":36,"column":2},"end":{"line":42,"column":null}}},"3":{"name":"(anonymous_12)","decl":{"start":{"line":50,"column":2},"end":{"line":50,"column":3}},"loc":{"start":{"line":51,"column":2},"end":{"line":54,"column":null}}},"4":{"name":"(anonymous_13)","decl":{"start":{"line":62,"column":2},"end":{"line":62,"column":3}},"loc":{"start":{"line":63,"column":2},"end":{"line":63,"column":68}}},"5":{"name":"(anonymous_14)","decl":{"start":{"line":70,"column":2},"end":{"line":70,"column":3}},"loc":{"start":{"line":71,"column":2},"end":{"line":74,"column":null}}}},"branchMap":{},"s":{"0":0,"1":0,"2":0,"3":0,"4":0,"5":0,"6":0,"7":0,"8":0,"9":0,"10":0,"11":0,"12":0,"13":0,"14":0,"15":0,"16":0,"17":0,"18":0,"19":0,"20":0,"21":0,"22":0,"23":0,"24":0,"25":0},"f":{"0":0,"1":0,"2":0,"3":0,"4":0,"5":0},"b":{}}
,"/Users/oluwatobilobaidowu/Documents/GitHub/xische-task/src/components/ui/skeleton.tsx": {"path":"/Users/oluwatobilobaidowu/Documents/GitHub/xische-task/src/components/ui/skeleton.tsx","statementMap":{"0":{"start":{"line":15,"column":9},"end":{"line":15,"column":17}},"1":{"start":{"line":1,"column":0},"end":{"line":1,"column":32}},"2":{"start":{"line":7,"column":2},"end":{"line":12,"column":null}}},"fnMap":{"0":{"name":"Skeleton","decl":{"start":{"line":3,"column":9},"end":{"line":3,"column":17}},"loc":{"start":{"line":6,"column":39},"end":{"line":13,"column":1}}}},"branchMap":{},"s":{"0":0,"1":0,"2":0},"f":{"0":0},"b":{}}
,"/Users/oluwatobilobaidowu/Documents/GitHub/xische-task/src/containers/articles-container.tsx": {"path":"/Users/oluwatobilobaidowu/Documents/GitHub/xische-task/src/containers/articles-container.tsx","statementMap":{"0":{"start":{"line":1,"column":0},"end":{"line":1,"column":26}},"1":{"start":{"line":3,"column":0},"end":{"line":3,"column":59}},"2":{"start":{"line":4,"column":0},"end":{"line":4,"column":35}},"3":{"start":{"line":5,"column":0},"end":{"line":5,"column":73}},"4":{"start":{"line":20,"column":4},"end":{"line":20,"column":17}},"5":{"start":{"line":21,"column":4},"end":{"line":25,"column":6}},"6":{"start":{"line":29,"column":4},"end":{"line":34,"column":66}},"7":{"start":{"line":32,"column":26},"end":{"line":32,"column":41}},"8":{"start":{"line":33,"column":22},"end":{"line":33,"column":79}},"9":{"start":{"line":34,"column":24},"end":{"line":34,"column":64}},"10":{"start":{"line":38,"column":41},"end":{"line":38,"column":51}},"11":{"start":{"line":40,"column":4},"end":{"line":40,"column":46}},"12":{"start":{"line":40,"column":17},"end":{"line":40,"column":46}},"13":{"start":{"line":41,"column":4},"end":{"line":41,"column":56}},"14":{"start":{"line":41,"column":15},"end":{"line":41,"column":56}},"15":{"start":{"line":43,"column":4},"end":{"line":43,"column":47}},"16":{"start":{"line":47,"column":0},"end":{"line":47,"column":36}}},"fnMap":{"0":{"name":"(anonymous_1)","decl":{"start":{"line":19,"column":2},"end":{"line":19,"column":14}},"loc":{"start":{"line":19,"column":46},"end":{"line":26,"column":3}}},"1":{"name":"(anonymous_2)","decl":{"start":{"line":28,"column":2},"end":{"line":28,"column":19}},"loc":{"start":{"line":28,"column":19},"end":{"line":35,"column":3}}},"2":{"name":"(anonymous_3)","decl":{"start":{"line":32,"column":12},"end":{"line":32,"column":13}},"loc":{"start":{"line":32,"column":26},"end":{"line":32,"column":41}}},"3":{"name":"(anonymous_4)","decl":{"start":{"line":33,"column":12},"end":{"line":33,"column":13}},"loc":{"start":{"line":33,"column":22},"end":{"line":33,"column":79}}},"4":{"name":"(anonymous_5)","decl":{"start":{"line":34,"column":13},"end":{"line":34,"column":14}},"loc":{"start":{"line":34,"column":24},"end":{"line":34,"column":64}}},"5":{"name":"(anonymous_6)","decl":{"start":{"line":37,"column":2},"end":{"line":37,"column":8}},"loc":{"start":{"line":37,"column":8},"end":{"line":44,"column":3}}}},"branchMap":{"0":{"loc":{"start":{"line":40,"column":4},"end":{"line":40,"column":46}},"type":"if","locations":[{"start":{"line":40,"column":4},"end":{"line":40,"column":46}}]},"1":{"loc":{"start":{"line":41,"column":4},"end":{"line":41,"column":56}},"type":"if","locations":[{"start":{"line":41,"column":4},"end":{"line":41,"column":56}}]}},"s":{"0":0,"1":0,"2":0,"3":0,"4":0,"5":0,"6":0,"7":0,"8":0,"9":0,"10":0,"11":0,"12":0,"13":0,"14":0,"15":0,"16":0},"f":{"0":0,"1":0,"2":0,"3":0,"4":0,"5":0},"b":{"0":[0],"1":[0]}}
,"/Users/oluwatobilobaidowu/Documents/GitHub/xische-task/src/layouts/page-layout.tsx": {"path":"/Users/oluwatobilobaidowu/Documents/GitHub/xische-task/src/layouts/page-layout.tsx","statementMap":{"0":{"start":{"line":1,"column":0},"end":{"line":1,"column":41}},"1":{"start":{"line":2,"column":0},"end":{"line":2,"column":38}},"2":{"start":{"line":3,"column":0},"end":{"line":3,"column":45}},"3":{"start":{"line":4,"column":0},"end":{"line":4,"column":39}},"4":{"start":{"line":6,"column":19},"end":{"line":43,"column":1}},"5":{"start":{"line":15,"column":2},"end":{"line":17,"column":35}},"6":{"start":{"line":16,"column":4},"end":{"line":16,"column":57}},"7":{"start":{"line":19,"column":2},"end":{"line":42,"column":4}},"8":{"start":{"line":45,"column":0},"end":{"line":45,"column":26}}},"fnMap":{"0":{"name":"(anonymous_0)","decl":{"start":{"line":6,"column":19},"end":{"line":6,"column":20}},"loc":{"start":{"line":14,"column":5},"end":{"line":43,"column":1}}},"1":{"name":"(anonymous_1)","decl":{"start":{"line":15,"column":12},"end":{"line":15,"column":15}},"loc":{"start":{"line":15,"column":17},"end":{"line":17,"column":3}}}},"branchMap":{"0":{"loc":{"start":{"line":7,"column":2},"end":{"line":7,"column":24}},"type":"default-arg","locations":[{"start":{"line":7,"column":14},"end":{"line":7,"column":24}}]},"1":{"loc":{"start":{"line":8,"column":2},"end":{"line":8,"column":42}},"type":"default-arg","locations":[{"start":{"line":8,"column":20},"end":{"line":8,"column":42}}]}},"s":{"0":0,"1":0,"2":0,"3":0,"4":0,"5":0,"6":0,"7":0,"8":0},"f":{"0":0,"1":0},"b":{"0":[0],"1":[0]}}
,"/Users/oluwatobilobaidowu/Documents/GitHub/xische-task/src/lib/utils.ts": {"path":"/Users/oluwatobilobaidowu/Documents/GitHub/xische-task/src/lib/utils.ts","statementMap":{"0":{"start":{"line":5,"column":0},"end":{"line":5,"column":16}},"1":{"start":{"line":9,"column":0},"end":{"line":9,"column":16}},"2":{"start":{"line":2,"column":0},"end":{"line":2,"column":45}},"3":{"start":{"line":3,"column":0},"end":{"line":3,"column":41}},"4":{"start":{"line":6,"column":2},"end":{"line":6,"column":31}},"5":{"start":{"line":10,"column":17},"end":{"line":23,"column":4}},"6":{"start":{"line":24,"column":14},"end":{"line":24,"column":28}},"7":{"start":{"line":25,"column":16},"end":{"line":25,"column":39}},"8":{"start":{"line":26,"column":15},"end":{"line":26,"column":33}},"9":{"start":{"line":27,"column":13},"end":{"line":27,"column":28}},"10":{"start":{"line":28,"column":17},"end":{"line":28,"column":72}},"11":{"start":{"line":29,"column":17},"end":{"line":29,"column":41}},"12":{"start":{"line":30,"column":2},"end":{"line":30,"column":25}},"13":{"start":{"line":32,"column":2},"end":{"line":32,"column":64}}},"fnMap":{"0":{"name":"cn","decl":{"start":{"line":5,"column":16},"end":{"line":5,"column":18}},"loc":{"start":{"line":5,"column":42},"end":{"line":7,"column":1}}},"1":{"name":"formatDate","decl":{"start":{"line":9,"column":16},"end":{"line":9,"column":26}},"loc":{"start":{"line":9,"column":37},"end":{"line":33,"column":1}}}},"branchMap":{"0":{"loc":{"start":{"line":28,"column":18},"end":{"line":28,"column":51}},"type":"cond-expr","locations":[{"start":{"line":28,"column":43},"end":{"line":28,"column":46}},{"start":{"line":28,"column":49},"end":{"line":28,"column":51}}]},"1":{"loc":{"start":{"line":29,"column":17},"end":{"line":29,"column":41}},"type":"cond-expr","locations":[{"start":{"line":29,"column":30},"end":{"line":29,"column":34}},{"start":{"line":29,"column":37},"end":{"line":29,"column":41}}]},"2":{"loc":{"start":{"line":30,"column":9},"end":{"line":30,"column":24}},"type":"binary-expr","locations":[{"start":{"line":30,"column":9},"end":{"line":30,"column":18}},{"start":{"line":30,"column":22},"end":{"line":30,"column":24}}]}},"s":{"0":0,"1":0,"2":0,"3":0,"4":0,"5":0,"6":0,"7":0,"8":0,"9":0,"10":0,"11":0,"12":0,"13":0},"f":{"0":0,"1":0},"b":{"0":[0,0],"1":[0,0],"2":[0,0]}}
,"/Users/oluwatobilobaidowu/Documents/GitHub/xische-task/src/pages/articles/index.tsx": {"path":"/Users/oluwatobilobaidowu/Documents/GitHub/xische-task/src/pages/articles/index.tsx","statementMap":{"0":{"start":{"line":1,"column":0},"end":{"line":1,"column":68}},"1":{"start":{"line":2,"column":0},"end":{"line":2,"column":47}},"2":{"start":{"line":4,"column":17},"end":{"line":13,"column":1}},"3":{"start":{"line":5,"column":2},"end":{"line":12,"column":4}},"4":{"start":{"line":15,"column":0},"end":{"line":15,"column":24}}},"fnMap":{"0":{"name":"(anonymous_1)","decl":{"start":{"line":4,"column":17},"end":{"line":4,"column":20}},"loc":{"start":{"line":4,"column":22},"end":{"line":13,"column":1}}}},"branchMap":{},"s":{"0":0,"1":0,"2":0,"3":0,"4":0},"f":{"0":0},"b":{}}
,"/Users/oluwatobilobaidowu/Documents/GitHub/xische-task/src/pages/view-article/index.tsx": {"path":"/Users/oluwatobilobaidowu/Documents/GitHub/xische-task/src/pages/view-article/index.tsx","statementMap":{"0":{"start":{"line":1,"column":0},"end":{"line":1,"column":47}},"1":{"start":{"line":2,"column":0},"end":{"line":2,"column":60}},"2":{"start":{"line":4,"column":0},"end":{"line":4,"column":54}},"3":{"start":{"line":6,"column":20},"end":{"line":65,"column":1}},"4":{"start":{"line":7,"column":19},"end":{"line":7,"column":32}},"5":{"start":{"line":8,"column":19},"end":{"line":8,"column":32}},"6":{"start":{"line":9,"column":18},"end":{"line":9,"column":43}},"7":{"start":{"line":11,"column":23},"end":{"line":13,"column":3}},"8":{"start":{"line":12,"column":4},"end":{"line":12,"column":18}},"9":{"start":{"line":15,"column":2},"end":{"line":18,"column":3}},"10":{"start":{"line":16,"column":4},"end":{"line":16,"column":18}},"11":{"start":{"line":17,"column":4},"end":{"line":17,"column":16}},"12":{"start":{"line":20,"column":2},"end":{"line":64,"column":4}},"13":{"start":{"line":67,"column":0},"end":{"line":67,"column":27}}},"fnMap":{"0":{"name":"(anonymous_1)","decl":{"start":{"line":6,"column":20},"end":{"line":6,"column":23}},"loc":{"start":{"line":6,"column":25},"end":{"line":65,"column":1}}},"1":{"name":"(anonymous_2)","decl":{"start":{"line":11,"column":23},"end":{"line":11,"column":26}},"loc":{"start":{"line":11,"column":28},"end":{"line":13,"column":3}}}},"branchMap":{"0":{"loc":{"start":{"line":15,"column":2},"end":{"line":18,"column":3}},"type":"if","locations":[{"start":{"line":15,"column":2},"end":{"line":18,"column":3}}]},"1":{"loc":{"start":{"line":37,"column":14},"end":{"line":38,"column":51}},"type":"binary-expr","locations":[{"start":{"line":37,"column":14},"end":{"line":37,"column":62}},{"start":{"line":38,"column":14},"end":{"line":38,"column":51}}]}},"s":{"0":0,"1":0,"2":0,"3":0,"4":0,"5":0,"6":0,"7":0,"8":0,"9":0,"10":0,"11":0,"12":0,"13":0},"f":{"0":0,"1":0},"b":{"0":[0],"1":[0,0]}}
,"/Users/oluwatobilobaidowu/Documents/GitHub/xische-task/src/routes/index.tsx": {"path":"/Users/oluwatobilobaidowu/Documents/GitHub/xische-task/src/routes/index.tsx","statementMap":{"0":{"start":{"line":1,"column":0},"end":{"line":1,"column":55}},"1":{"start":{"line":2,"column":0},"end":{"line":2,"column":35}},"2":{"start":{"line":4,"column":13},"end":{"line":4,"column":55}}},"fnMap":{},"branchMap":{},"s":{"0":0,"1":0,"2":0},"f":{},"b":{}}
,"/Users/oluwatobilobaidowu/Documents/GitHub/xische-task/src/routes/root.tsx": {"path":"/Users/oluwatobilobaidowu/Documents/GitHub/xische-task/src/routes/root.tsx","statementMap":{"0":{"start":{"line":2,"column":0},"end":{"line":2,"column":40}},"1":{"start":{"line":3,"column":0},"end":{"line":3,"column":47}},"2":{"start":{"line":5,"column":13},"end":{"line":11,"column":2}}},"fnMap":{},"branchMap":{},"s":{"0":0,"1":0,"2":0},"f":{},"b":{}}
}
